<?xml version="1.0" encoding="UTF-8"?>
<testng-results skipped="0" failed="0" total="1" passed="1">
  <reporter-output>
  </reporter-output>
  <suite name="Default suite" duration-ms="34315" started-at="2018-10-01T16:06:35Z" finished-at="2018-10-01T16:07:09Z">
    <groups>
      <group name="cucumber">
        <method signature="TestRunner.feature(cucumber.api.testng.CucumberFeatureWrapper)[pri:0, instance:de.check24.cucumberFramework.testRunner.TestRunner@6d4b1c02]" name="feature" class="de.check24.cucumberFramework.testRunner.TestRunner"/>
      </group> <!-- cucumber -->
    </groups>
    <test name="Default test" duration-ms="34315" started-at="2018-10-01T16:06:35Z" finished-at="2018-10-01T16:07:09Z">
      <class name="de.check24.cucumberFramework.testRunner.TestRunner">
        <test-method status="PASS" signature="setUpClass()[pri:0, instance:de.check24.cucumberFramework.testRunner.TestRunner@6d4b1c02]" name="setUpClass" is-config="true" duration-ms="463" started-at="2018-10-01T18:06:35Z" finished-at="2018-10-01T18:06:35Z">
          <reporter-output>
          </reporter-output>
        </test-method> <!-- setUpClass -->
        <test-method status="PASS" signature="feature(cucumber.api.testng.CucumberFeatureWrapper)[pri:0, instance:de.check24.cucumberFramework.testRunner.TestRunner@6d4b1c02]" name="feature" duration-ms="33620" started-at="2018-10-01T18:06:36Z" description="Runs cucumber Features" data-provider="features" finished-at="2018-10-01T18:07:09Z">
          <params>
            <param index="0">
              <value>
                <![CDATA[Sign In]]>
              </value>
            </param>
          </params>
          <reporter-output>
          </reporter-output>
        </test-method> <!-- feature -->
        <test-method status="PASS" signature="testDownClass()[pri:0, instance:de.check24.cucumberFramework.testRunner.TestRunner@6d4b1c02]" name="testDownClass" is-config="true" duration-ms="72" started-at="2018-10-01T18:07:09Z" finished-at="2018-10-01T18:07:09Z">
          <reporter-output>
          </reporter-output>
        </test-method> <!-- testDownClass -->
      </class> <!-- de.check24.cucumberFramework.testRunner.TestRunner -->
    </test> <!-- Default test -->
  </suite> <!-- Default suite -->
</testng-results>
